%!Adobe-FontList 1.15
%Locale:0x409

%BeginFont
Handler:DirectoryHandler
FontType:TrueType
FontName:RobotoCondensed-Italic
FamilyName:Roboto Condensed
StyleName:Italic
FullName:Roboto Condensed Italic
MenuName:Roboto Condensed
StyleBits:1
WritingScript:Roman
OutlineFileName:\\TECHRLABSCLOUD\Collaboration\Design\In Progress\BIKE FIXR\Font\RobotoCondensed-Italic.ttf
DataFormat:sfntData
FileLength:144404
FileModTime:1408683955
WeightClass:400
WidthClass:3
AngleClass:0
NameArray:0,Mac,18,Roboto Condensed Italic
NameArray:0,Mac,4,Roboto Condensed Italic
NameArray:0,Win,1,Roboto Condensed
%EndFont

%BeginFont
Handler:DirectoryHandler
FontType:TrueType
FontName:Roboto-MediumItalic
FamilyName:Roboto
StyleName:Medium Italic
FullName:Roboto Medium Italic
MenuName:Roboto Medium
StyleBits:1
WritingScript:Roman
OutlineFileName:\\TECHRLABSCLOUD\Collaboration\Design\In Progress\BIKE FIXR\Font\Roboto-MediumItalic.ttf
DataFormat:sfntData
FileLength:147876
FileModTime:1408683959
WeightClass:500
WidthClass:5
AngleClass:0
NameArray:0,Mac,18,Roboto Medium Italic
NameArray:0,Mac,4,Roboto Medium Italic
NameArray:0,Win,1,Roboto Medium
NameArray:0,Win,16,Roboto
%EndFont

%BeginFont
Handler:DirectoryHandler
FontType:TrueType
FontName:RobotoCondensed-Bold
FamilyName:Roboto Condensed
StyleName:Bold
FullName:Roboto Condensed Bold
MenuName:Roboto Condensed
StyleBits:2
WritingScript:Roman
OutlineFileName:\\TECHRLABSCLOUD\Collaboration\Design\In Progress\BIKE FIXR\Font\RobotoCondensed-Bold.ttf
DataFormat:sfntData
FileLength:141796
FileModTime:1408683955
WeightClass:700
WidthClass:3
AngleClass:0
NameArray:0,Mac,18,Roboto Condensed Bold
NameArray:0,Mac,4,Roboto Condensed Bold
NameArray:0,Win,1,Roboto Condensed
%EndFont

%BeginFont
Handler:DirectoryHandler
FontType:TrueType
FontName:RobotoCondensed-LightItalic
FamilyName:Roboto Condensed
StyleName:Light Italic
FullName:Roboto Condensed Light Italic
MenuName:Roboto Condensed Light
StyleBits:1
WritingScript:Roman
OutlineFileName:\\TECHRLABSCLOUD\Collaboration\Design\In Progress\BIKE FIXR\Font\RobotoCondensed-LightItalic.ttf
DataFormat:sfntData
FileLength:145104
FileModTime:1408683956
WeightClass:300
WidthClass:3
AngleClass:0
NameArray:0,Mac,18,Roboto Condensed Light Italic
NameArray:0,Mac,4,Roboto Condensed Light Italic
NameArray:0,Win,1,Roboto Condensed Light
NameArray:0,Win,16,Roboto Condensed
%EndFont

%BeginFont
Handler:DirectoryHandler
FontType:TrueType
FontName:Roboto-ThinItalic
FamilyName:Roboto
StyleName:Thin Italic
FullName:Roboto Thin Italic
MenuName:Roboto Thin
StyleBits:1
WritingScript:Roman
OutlineFileName:\\TECHRLABSCLOUD\Collaboration\Design\In Progress\BIKE FIXR\Font\Roboto-ThinItalic.ttf
DataFormat:sfntData
FileLength:132376
FileModTime:1408683960
WeightClass:250
WidthClass:5
AngleClass:0
NameArray:0,Mac,18,Roboto Thin Italic
NameArray:0,Mac,4,Roboto Thin Italic
NameArray:0,Win,1,Roboto Thin
NameArray:0,Win,16,Roboto
%EndFont

%BeginFont
Handler:DirectoryHandler
FontType:TrueType
FontName:Roboto-LightItalic
FamilyName:Roboto
StyleName:Light Italic
FullName:Roboto Light Italic
MenuName:Roboto Light
StyleBits:1
WritingScript:Roman
OutlineFileName:\\TECHRLABSCLOUD\Collaboration\Design\In Progress\BIKE FIXR\Font\Roboto-LightItalic.ttf
DataFormat:sfntData
FileLength:145932
FileModTime:1408683958
WeightClass:300
WidthClass:5
AngleClass:0
NameArray:0,Mac,18,Roboto Light Italic
NameArray:0,Mac,4,Roboto Light Italic
NameArray:0,Win,1,Roboto Light
NameArray:0,Win,16,Roboto
%EndFont

%BeginFont
Handler:DirectoryHandler
FontType:TrueType
FontName:Roboto-Bold
FamilyName:Roboto
StyleName:Bold
FullName:Roboto Bold
MenuName:Roboto
StyleBits:2
WritingScript:Roman
OutlineFileName:\\TECHRLABSCLOUD\Collaboration\Design\In Progress\BIKE FIXR\Font\Roboto-Bold.ttf
DataFormat:sfntData
FileLength:135820
FileModTime:1408683954
WeightClass:700
WidthClass:5
AngleClass:0
NameArray:0,Mac,18,Roboto Bold
NameArray:0,Mac,4,Roboto Bold
NameArray:0,Win,1,Roboto
%EndFont

%BeginFont
Handler:DirectoryHandler
FontType:TrueType
FontName:Roboto-BoldItalic
FamilyName:Roboto
StyleName:Bold Italic
FullName:Roboto Bold Italic
MenuName:Roboto
StyleBits:3
WritingScript:Roman
OutlineFileName:\\TECHRLABSCLOUD\Collaboration\Design\In Progress\BIKE FIXR\Font\Roboto-BoldItalic.ttf
DataFormat:sfntData
FileLength:144700
FileModTime:1408683954
WeightClass:700
WidthClass:5
AngleClass:0
NameArray:0,Mac,18,Roboto Bold Italic
NameArray:0,Mac,4,Roboto Bold Italic
NameArray:0,Win,1,Roboto
%EndFont

%BeginFont
Handler:DirectoryHandler
FontType:TrueType
FontName:Roboto-Regular
FamilyName:Roboto
StyleName:Regular
FullName:Roboto Regular
MenuName:Roboto
StyleBits:0
WritingScript:Roman
OutlineFileName:\\TECHRLABSCLOUD\Collaboration\Design\In Progress\BIKE FIXR\Font\Roboto-Regular.ttf
DataFormat:sfntData
FileLength:145348
FileModTime:1408683959
WeightClass:400
WidthClass:5
AngleClass:0
NameArray:0,Mac,18,Roboto Regular
NameArray:0,Mac,4,Roboto Regular
NameArray:0,Win,1,Roboto
%EndFont

%BeginFont
Handler:DirectoryHandler
FontType:TrueType
FontName:Roboto-Light
FamilyName:Roboto
StyleName:Light
FullName:Roboto Light
MenuName:Roboto Light
StyleBits:0
WritingScript:Roman
OutlineFileName:\\TECHRLABSCLOUD\Collaboration\Design\In Progress\BIKE FIXR\Font\Roboto-Light.ttf
DataFormat:sfntData
FileLength:140276
FileModTime:1408683957
WeightClass:300
WidthClass:5
AngleClass:0
NameArray:0,Mac,18,Roboto Light
NameArray:0,Mac,4,Roboto Light
NameArray:0,Win,1,Roboto Light
NameArray:0,Win,16,Roboto
%EndFont

%BeginFont
Handler:DirectoryHandler
FontType:TrueType
FontName:RobotoCondensed-Regular
FamilyName:Roboto Condensed
StyleName:Regular
FullName:Roboto Condensed Regular
MenuName:Roboto Condensed
StyleBits:0
WritingScript:Roman
OutlineFileName:\\TECHRLABSCLOUD\Collaboration\Design\In Progress\BIKE FIXR\Font\RobotoCondensed-Regular.ttf
DataFormat:sfntData
FileLength:140396
FileModTime:1408683957
WeightClass:400
WidthClass:3
AngleClass:0
NameArray:0,Mac,18,Roboto Condensed Regular
NameArray:0,Mac,4,Roboto Condensed Regular
NameArray:0,Win,1,Roboto Condensed
%EndFont

%BeginFont
Handler:DirectoryHandler
FontType:TrueType
FontName:RobotoCondensed-BoldItalic
FamilyName:Roboto Condensed
StyleName:Bold Italic
FullName:Roboto Condensed Bold Italic
MenuName:Roboto Condensed
StyleBits:3
WritingScript:Roman
OutlineFileName:\\TECHRLABSCLOUD\Collaboration\Design\In Progress\BIKE FIXR\Font\RobotoCondensed-BoldItalic.ttf
DataFormat:sfntData
FileLength:145256
FileModTime:1408683955
WeightClass:700
WidthClass:3
AngleClass:0
NameArray:0,Mac,18,Roboto Condensed Bold Italic
NameArray:0,Mac,4,Roboto Condensed Bold Italic
NameArray:0,Win,1,Roboto Condensed
%EndFont

%BeginFont
Handler:DirectoryHandler
FontType:TrueType
FontName:Roboto-Italic
FamilyName:Roboto
StyleName:Italic
FullName:Roboto Italic
MenuName:Roboto
StyleBits:1
WritingScript:Roman
OutlineFileName:\\TECHRLABSCLOUD\Collaboration\Design\In Progress\BIKE FIXR\Font\Roboto-Italic.ttf
DataFormat:sfntData
FileLength:148540
FileModTime:1408683957
WeightClass:400
WidthClass:5
AngleClass:0
NameArray:0,Mac,18,Roboto Italic
NameArray:0,Mac,4,Roboto Italic
NameArray:0,Win,1,Roboto
%EndFont

%BeginFont
Handler:DirectoryHandler
FontType:TrueType
FontName:Roboto-BlackItalic
FamilyName:Roboto
StyleName:Black Italic
FullName:Roboto Black Italic
MenuName:Roboto Black
StyleBits:1
WritingScript:Roman
OutlineFileName:\\TECHRLABSCLOUD\Collaboration\Design\In Progress\BIKE FIXR\Font\Roboto-BlackItalic.ttf
DataFormat:sfntData
FileLength:149644
FileModTime:1408683954
WeightClass:900
WidthClass:5
AngleClass:0
NameArray:0,Mac,18,Roboto Black Italic
NameArray:0,Mac,4,Roboto Black Italic
NameArray:0,Win,1,Roboto Black
NameArray:0,Win,16,Roboto
%EndFont

%BeginFont
Handler:DirectoryHandler
FontType:TrueType
FontName:Roboto-Black
FamilyName:Roboto
StyleName:Black
FullName:Roboto Black
MenuName:Roboto Black
StyleBits:0
WritingScript:Roman
OutlineFileName:\\TECHRLABSCLOUD\Collaboration\Design\In Progress\BIKE FIXR\Font\Roboto-Black.ttf
DataFormat:sfntData
FileLength:142472
FileModTime:1408683953
WeightClass:900
WidthClass:5
AngleClass:0
NameArray:0,Mac,18,Roboto Black
NameArray:0,Mac,4,Roboto Black
NameArray:0,Win,1,Roboto Black
NameArray:0,Win,16,Roboto
%EndFont

%BeginFont
Handler:DirectoryHandler
FontType:TrueType
FontName:RobotoCondensed-Light
FamilyName:Roboto Condensed
StyleName:Light
FullName:Roboto Condensed Light
MenuName:Roboto Condensed Light
StyleBits:0
WritingScript:Roman
OutlineFileName:\\TECHRLABSCLOUD\Collaboration\Design\In Progress\BIKE FIXR\Font\RobotoCondensed-Light.ttf
DataFormat:sfntData
FileLength:141384
FileModTime:1408683956
WeightClass:300
WidthClass:3
AngleClass:0
NameArray:0,Mac,18,Roboto Condensed Light
NameArray:0,Mac,4,Roboto Condensed Light
NameArray:0,Win,1,Roboto Condensed Light
NameArray:0,Win,16,Roboto Condensed
%EndFont

%BeginFont
Handler:DirectoryHandler
FontType:TrueType
FontName:Roboto-Thin
FamilyName:Roboto
StyleName:Thin
FullName:Roboto Thin
MenuName:Roboto Thin
StyleBits:0
WritingScript:Roman
OutlineFileName:\\TECHRLABSCLOUD\Collaboration\Design\In Progress\BIKE FIXR\Font\Roboto-Thin.ttf
DataFormat:sfntData
FileLength:130044
FileModTime:1408683959
WeightClass:250
WidthClass:5
AngleClass:0
NameArray:0,Mac,18,Roboto Thin
NameArray:0,Mac,4,Roboto Thin
NameArray:0,Win,1,Roboto Thin
NameArray:0,Win,16,Roboto
%EndFont

%BeginFont
Handler:DirectoryHandler
FontType:TrueType
FontName:Roboto-Medium
FamilyName:Roboto
StyleName:Medium
FullName:Roboto Medium
MenuName:Roboto Medium
StyleBits:0
WritingScript:Roman
OutlineFileName:\\TECHRLABSCLOUD\Collaboration\Design\In Progress\BIKE FIXR\Font\Roboto-Medium.ttf
DataFormat:sfntData
FileLength:137308
FileModTime:1408683958
WeightClass:500
WidthClass:5
AngleClass:0
NameArray:0,Mac,18,Roboto Medium
NameArray:0,Mac,4,Roboto Medium
NameArray:0,Win,1,Roboto Medium
NameArray:0,Win,16,Roboto
%EndFont

