2014-12-31T05:55:34+00:00 ERR (3): Warning: simplexml_load_string(): Entity: line 135: parser error : Opening and ending tag mismatch: resources line 100 and default  in /Applications/MAMP/htdocs/em/lib/Varien/Simplexml/Config.php on line 510
2014-12-31T05:55:34+00:00 ERR (3): Warning: simplexml_load_string(): 	&lt;/default&gt;  in /Applications/MAMP/htdocs/em/lib/Varien/Simplexml/Config.php on line 510
2014-12-31T05:55:34+00:00 ERR (3): Warning: simplexml_load_string(): 	          ^  in /Applications/MAMP/htdocs/em/lib/Varien/Simplexml/Config.php on line 510
2014-12-31T05:55:34+00:00 ERR (3): Warning: simplexml_load_string(): Entity: line 136: parser error : Opening and ending tag mismatch: global line 85 and config  in /Applications/MAMP/htdocs/em/lib/Varien/Simplexml/Config.php on line 510
2014-12-31T05:55:34+00:00 ERR (3): Warning: simplexml_load_string(): &lt;/config&gt;  in /Applications/MAMP/htdocs/em/lib/Varien/Simplexml/Config.php on line 510
2014-12-31T05:55:34+00:00 ERR (3): Warning: simplexml_load_string():          ^  in /Applications/MAMP/htdocs/em/lib/Varien/Simplexml/Config.php on line 510
2014-12-31T05:55:34+00:00 ERR (3): Warning: simplexml_load_string(): Entity: line 136: parser error : Premature end of data in tag config line 2  in /Applications/MAMP/htdocs/em/lib/Varien/Simplexml/Config.php on line 510
2014-12-31T05:55:34+00:00 ERR (3): Warning: simplexml_load_string(): &lt;/config&gt;  in /Applications/MAMP/htdocs/em/lib/Varien/Simplexml/Config.php on line 510
2014-12-31T05:55:34+00:00 ERR (3): Warning: simplexml_load_string():          ^  in /Applications/MAMP/htdocs/em/lib/Varien/Simplexml/Config.php on line 510
2014-12-31T05:56:13+00:00 ERR (3): Warning: simplexml_load_string(): Entity: line 135: parser error : Opening and ending tag mismatch: resources line 100 and default  in /Applications/MAMP/htdocs/em/lib/Varien/Simplexml/Config.php on line 510
2014-12-31T05:56:13+00:00 ERR (3): Warning: simplexml_load_string(): 	&lt;/default&gt;  in /Applications/MAMP/htdocs/em/lib/Varien/Simplexml/Config.php on line 510
2014-12-31T05:56:13+00:00 ERR (3): Warning: simplexml_load_string(): 	          ^  in /Applications/MAMP/htdocs/em/lib/Varien/Simplexml/Config.php on line 510
2014-12-31T05:56:13+00:00 ERR (3): Warning: simplexml_load_string(): Entity: line 136: parser error : Opening and ending tag mismatch: global line 85 and config  in /Applications/MAMP/htdocs/em/lib/Varien/Simplexml/Config.php on line 510
2014-12-31T05:56:13+00:00 ERR (3): Warning: simplexml_load_string(): &lt;/config&gt;  in /Applications/MAMP/htdocs/em/lib/Varien/Simplexml/Config.php on line 510
2014-12-31T05:56:13+00:00 ERR (3): Warning: simplexml_load_string():          ^  in /Applications/MAMP/htdocs/em/lib/Varien/Simplexml/Config.php on line 510
2014-12-31T05:56:13+00:00 ERR (3): Warning: simplexml_load_string(): Entity: line 136: parser error : Premature end of data in tag config line 2  in /Applications/MAMP/htdocs/em/lib/Varien/Simplexml/Config.php on line 510
2014-12-31T05:56:13+00:00 ERR (3): Warning: simplexml_load_string(): &lt;/config&gt;  in /Applications/MAMP/htdocs/em/lib/Varien/Simplexml/Config.php on line 510
2014-12-31T05:56:13+00:00 ERR (3): Warning: simplexml_load_string():          ^  in /Applications/MAMP/htdocs/em/lib/Varien/Simplexml/Config.php on line 510
2015-04-25T06:28:04+00:00 ERR (3): Warning: simplexml_load_string(): Entity: line 32: parser error : Opening and ending tag mismatch: customerservice_index_csemail line 31 and routers  in /Applications/MAMP/htdocs/em/lib/Varien/Simplexml/Config.php on line 510
2015-04-25T06:28:04+00:00 ERR (3): Warning: simplexml_load_string():         &lt;/routers&gt;  in /Applications/MAMP/htdocs/em/lib/Varien/Simplexml/Config.php on line 510
2015-04-25T06:28:04+00:00 ERR (3): Warning: simplexml_load_string():                   ^  in /Applications/MAMP/htdocs/em/lib/Varien/Simplexml/Config.php on line 510
2015-04-25T06:28:04+00:00 ERR (3): Warning: simplexml_load_string(): Entity: line 40: parser error : Opening and ending tag mismatch: customerservice_index_csemail line 25 and frontend  in /Applications/MAMP/htdocs/em/lib/Varien/Simplexml/Config.php on line 510
2015-04-25T06:28:04+00:00 ERR (3): Warning: simplexml_load_string():     &lt;/frontend&gt;  in /Applications/MAMP/htdocs/em/lib/Varien/Simplexml/Config.php on line 510
2015-04-25T06:28:04+00:00 ERR (3): Warning: simplexml_load_string():                ^  in /Applications/MAMP/htdocs/em/lib/Varien/Simplexml/Config.php on line 510
2015-04-25T06:28:04+00:00 ERR (3): Warning: simplexml_load_string(): Entity: line 138: parser error : Opening and ending tag mismatch: routers line 17 and config  in /Applications/MAMP/htdocs/em/lib/Varien/Simplexml/Config.php on line 510
2015-04-25T06:28:04+00:00 ERR (3): Warning: simplexml_load_string(): &lt;/config&gt;  in /Applications/MAMP/htdocs/em/lib/Varien/Simplexml/Config.php on line 510
2015-04-25T06:28:04+00:00 ERR (3): Warning: simplexml_load_string():          ^  in /Applications/MAMP/htdocs/em/lib/Varien/Simplexml/Config.php on line 510
2015-04-25T06:28:04+00:00 ERR (3): Warning: simplexml_load_string(): Entity: line 138: parser error : Premature end of data in tag frontend line 16  in /Applications/MAMP/htdocs/em/lib/Varien/Simplexml/Config.php on line 510
2015-04-25T06:28:04+00:00 ERR (3): Warning: simplexml_load_string(): &lt;/config&gt;  in /Applications/MAMP/htdocs/em/lib/Varien/Simplexml/Config.php on line 510
2015-04-25T06:28:04+00:00 ERR (3): Warning: simplexml_load_string():          ^  in /Applications/MAMP/htdocs/em/lib/Varien/Simplexml/Config.php on line 510
2015-04-25T06:28:04+00:00 ERR (3): Warning: simplexml_load_string(): Entity: line 138: parser error : Premature end of data in tag config line 10  in /Applications/MAMP/htdocs/em/lib/Varien/Simplexml/Config.php on line 510
2015-04-25T06:28:04+00:00 ERR (3): Warning: simplexml_load_string(): &lt;/config&gt;  in /Applications/MAMP/htdocs/em/lib/Varien/Simplexml/Config.php on line 510
2015-04-25T06:28:04+00:00 ERR (3): Warning: simplexml_load_string():          ^  in /Applications/MAMP/htdocs/em/lib/Varien/Simplexml/Config.php on line 510
2015-04-25T06:28:08+00:00 ERR (3): Warning: simplexml_load_string(): Entity: line 32: parser error : Opening and ending tag mismatch: customerservice_index_csemail line 31 and routers  in /Applications/MAMP/htdocs/em/lib/Varien/Simplexml/Config.php on line 510
2015-04-25T06:28:08+00:00 ERR (3): Warning: simplexml_load_string():         &lt;/routers&gt;  in /Applications/MAMP/htdocs/em/lib/Varien/Simplexml/Config.php on line 510
2015-04-25T06:28:08+00:00 ERR (3): Warning: simplexml_load_string():                   ^  in /Applications/MAMP/htdocs/em/lib/Varien/Simplexml/Config.php on line 510
2015-04-25T06:28:08+00:00 ERR (3): Warning: simplexml_load_string(): Entity: line 40: parser error : Opening and ending tag mismatch: customerservice_index_csemail line 25 and frontend  in /Applications/MAMP/htdocs/em/lib/Varien/Simplexml/Config.php on line 510
2015-04-25T06:28:08+00:00 ERR (3): Warning: simplexml_load_string():     &lt;/frontend&gt;  in /Applications/MAMP/htdocs/em/lib/Varien/Simplexml/Config.php on line 510
2015-04-25T06:28:08+00:00 ERR (3): Warning: simplexml_load_string():                ^  in /Applications/MAMP/htdocs/em/lib/Varien/Simplexml/Config.php on line 510
2015-04-25T06:28:08+00:00 ERR (3): Warning: simplexml_load_string(): Entity: line 138: parser error : Opening and ending tag mismatch: routers line 17 and config  in /Applications/MAMP/htdocs/em/lib/Varien/Simplexml/Config.php on line 510
2015-04-25T06:28:08+00:00 ERR (3): Warning: simplexml_load_string(): &lt;/config&gt;  in /Applications/MAMP/htdocs/em/lib/Varien/Simplexml/Config.php on line 510
2015-04-25T06:28:08+00:00 ERR (3): Warning: simplexml_load_string():          ^  in /Applications/MAMP/htdocs/em/lib/Varien/Simplexml/Config.php on line 510
2015-04-25T06:28:08+00:00 ERR (3): Warning: simplexml_load_string(): Entity: line 138: parser error : Premature end of data in tag frontend line 16  in /Applications/MAMP/htdocs/em/lib/Varien/Simplexml/Config.php on line 510
2015-04-25T06:28:08+00:00 ERR (3): Warning: simplexml_load_string(): &lt;/config&gt;  in /Applications/MAMP/htdocs/em/lib/Varien/Simplexml/Config.php on line 510
2015-04-25T06:28:08+00:00 ERR (3): Warning: simplexml_load_string():          ^  in /Applications/MAMP/htdocs/em/lib/Varien/Simplexml/Config.php on line 510
2015-04-25T06:28:08+00:00 ERR (3): Warning: simplexml_load_string(): Entity: line 138: parser error : Premature end of data in tag config line 10  in /Applications/MAMP/htdocs/em/lib/Varien/Simplexml/Config.php on line 510
2015-04-25T06:28:08+00:00 ERR (3): Warning: simplexml_load_string(): &lt;/config&gt;  in /Applications/MAMP/htdocs/em/lib/Varien/Simplexml/Config.php on line 510
2015-04-25T06:28:08+00:00 ERR (3): Warning: simplexml_load_string():          ^  in /Applications/MAMP/htdocs/em/lib/Varien/Simplexml/Config.php on line 510
2015-04-25T06:28:12+00:00 ERR (3): Warning: simplexml_load_string(): Entity: line 32: parser error : Opening and ending tag mismatch: customerservice_index_csemail line 31 and routers  in /Applications/MAMP/htdocs/em/lib/Varien/Simplexml/Config.php on line 510
2015-04-25T06:28:12+00:00 ERR (3): Warning: simplexml_load_string():         &lt;/routers&gt;  in /Applications/MAMP/htdocs/em/lib/Varien/Simplexml/Config.php on line 510
2015-04-25T06:28:12+00:00 ERR (3): Warning: simplexml_load_string():                   ^  in /Applications/MAMP/htdocs/em/lib/Varien/Simplexml/Config.php on line 510
2015-04-25T06:28:12+00:00 ERR (3): Warning: simplexml_load_string(): Entity: line 40: parser error : Opening and ending tag mismatch: customerservice_index_csemail line 25 and frontend  in /Applications/MAMP/htdocs/em/lib/Varien/Simplexml/Config.php on line 510
2015-04-25T06:28:12+00:00 ERR (3): Warning: simplexml_load_string():     &lt;/frontend&gt;  in /Applications/MAMP/htdocs/em/lib/Varien/Simplexml/Config.php on line 510
2015-04-25T06:28:12+00:00 ERR (3): Warning: simplexml_load_string():                ^  in /Applications/MAMP/htdocs/em/lib/Varien/Simplexml/Config.php on line 510
2015-04-25T06:28:12+00:00 ERR (3): Warning: simplexml_load_string(): Entity: line 138: parser error : Opening and ending tag mismatch: routers line 17 and config  in /Applications/MAMP/htdocs/em/lib/Varien/Simplexml/Config.php on line 510
2015-04-25T06:28:12+00:00 ERR (3): Warning: simplexml_load_string(): &lt;/config&gt;  in /Applications/MAMP/htdocs/em/lib/Varien/Simplexml/Config.php on line 510
2015-04-25T06:28:12+00:00 ERR (3): Warning: simplexml_load_string():          ^  in /Applications/MAMP/htdocs/em/lib/Varien/Simplexml/Config.php on line 510
2015-04-25T06:28:12+00:00 ERR (3): Warning: simplexml_load_string(): Entity: line 138: parser error : Premature end of data in tag frontend line 16  in /Applications/MAMP/htdocs/em/lib/Varien/Simplexml/Config.php on line 510
2015-04-25T06:28:12+00:00 ERR (3): Warning: simplexml_load_string(): &lt;/config&gt;  in /Applications/MAMP/htdocs/em/lib/Varien/Simplexml/Config.php on line 510
2015-04-25T06:28:12+00:00 ERR (3): Warning: simplexml_load_string():          ^  in /Applications/MAMP/htdocs/em/lib/Varien/Simplexml/Config.php on line 510
2015-04-25T06:28:12+00:00 ERR (3): Warning: simplexml_load_string(): Entity: line 138: parser error : Premature end of data in tag config line 10  in /Applications/MAMP/htdocs/em/lib/Varien/Simplexml/Config.php on line 510
2015-04-25T06:28:12+00:00 ERR (3): Warning: simplexml_load_string(): &lt;/config&gt;  in /Applications/MAMP/htdocs/em/lib/Varien/Simplexml/Config.php on line 510
2015-04-25T06:28:12+00:00 ERR (3): Warning: simplexml_load_string():          ^  in /Applications/MAMP/htdocs/em/lib/Varien/Simplexml/Config.php on line 510
2015-04-25T06:28:14+00:00 ERR (3): Warning: simplexml_load_string(): Entity: line 32: parser error : Opening and ending tag mismatch: customerservice_index_csemail line 31 and routers  in /Applications/MAMP/htdocs/em/lib/Varien/Simplexml/Config.php on line 510
2015-04-25T06:28:14+00:00 ERR (3): Warning: simplexml_load_string():         &lt;/routers&gt;  in /Applications/MAMP/htdocs/em/lib/Varien/Simplexml/Config.php on line 510
2015-04-25T06:28:14+00:00 ERR (3): Warning: simplexml_load_string():                   ^  in /Applications/MAMP/htdocs/em/lib/Varien/Simplexml/Config.php on line 510
2015-04-25T06:28:14+00:00 ERR (3): Warning: simplexml_load_string(): Entity: line 40: parser error : Opening and ending tag mismatch: customerservice_index_csemail line 25 and frontend  in /Applications/MAMP/htdocs/em/lib/Varien/Simplexml/Config.php on line 510
2015-04-25T06:28:14+00:00 ERR (3): Warning: simplexml_load_string():     &lt;/frontend&gt;  in /Applications/MAMP/htdocs/em/lib/Varien/Simplexml/Config.php on line 510
2015-04-25T06:28:14+00:00 ERR (3): Warning: simplexml_load_string():                ^  in /Applications/MAMP/htdocs/em/lib/Varien/Simplexml/Config.php on line 510
2015-04-25T06:28:14+00:00 ERR (3): Warning: simplexml_load_string(): Entity: line 138: parser error : Opening and ending tag mismatch: routers line 17 and config  in /Applications/MAMP/htdocs/em/lib/Varien/Simplexml/Config.php on line 510
2015-04-25T06:28:14+00:00 ERR (3): Warning: simplexml_load_string(): &lt;/config&gt;  in /Applications/MAMP/htdocs/em/lib/Varien/Simplexml/Config.php on line 510
2015-04-25T06:28:14+00:00 ERR (3): Warning: simplexml_load_string():          ^  in /Applications/MAMP/htdocs/em/lib/Varien/Simplexml/Config.php on line 510
2015-04-25T06:28:14+00:00 ERR (3): Warning: simplexml_load_string(): Entity: line 138: parser error : Premature end of data in tag frontend line 16  in /Applications/MAMP/htdocs/em/lib/Varien/Simplexml/Config.php on line 510
2015-04-25T06:28:14+00:00 ERR (3): Warning: simplexml_load_string(): &lt;/config&gt;  in /Applications/MAMP/htdocs/em/lib/Varien/Simplexml/Config.php on line 510
2015-04-25T06:28:14+00:00 ERR (3): Warning: simplexml_load_string():          ^  in /Applications/MAMP/htdocs/em/lib/Varien/Simplexml/Config.php on line 510
2015-04-25T06:28:14+00:00 ERR (3): Warning: simplexml_load_string(): Entity: line 138: parser error : Premature end of data in tag config line 10  in /Applications/MAMP/htdocs/em/lib/Varien/Simplexml/Config.php on line 510
2015-04-25T06:28:14+00:00 ERR (3): Warning: simplexml_load_string(): &lt;/config&gt;  in /Applications/MAMP/htdocs/em/lib/Varien/Simplexml/Config.php on line 510
2015-04-25T06:28:14+00:00 ERR (3): Warning: simplexml_load_string():          ^  in /Applications/MAMP/htdocs/em/lib/Varien/Simplexml/Config.php on line 510
